<?xml version="1.0" encoding="UTF-8"?>
<testsuite xmlns:xsi="http://www.w3.org/2001/XMLSchema-instance" xsi:noNamespaceSchemaLocation="https://maven.apache.org/surefire/maven-surefire-plugin/xsd/surefire-test-report.xsd" name="TestSuite" time="7.582" tests="3" errors="0" skipped="0" failures="0">
  <properties>
[...]
</properties>
  <testcase name="updateRoletoEstimatorTest" classname="estimatorTest.CustomerTest" time="0.003"/>
  <testcase name="updateRoletoEstimatorTest" classname="estimatorTest.QuoteTest" time="0.001"/>
  <testcase name="updateRoletoEngineerManagerTest" classname="engineerManagerTest.EngineermanagerTest" time="0.001"/>
</testsuite>