<?xml version="1.0" encoding="UTF-8"?>
<testng-results ignored="0" total="3" passed="3" failed="0" skipped="0">
  <reporter-output>
  </reporter-output>
  <suite started-at="2020-06-17T14:40:18 IST" name="Framework Testing" finished-at="2020-06-17T14:40:23 IST" duration-ms="4971">
    <groups>
    </groups>
    <test started-at="2020-06-17T14:40:18 IST" name="CustomerTest Test" finished-at="2020-06-17T14:40:20 IST" duration-ms="2845">
      <class name="estimatorTest.CustomerTest">
        <test-method is-config="true" signature="getTestname()[pri:0, instance:estimatorTest.CustomerTest@1a38c59b]" started-at="2020-06-17T14:40:18 IST" name="getTestname" finished-at="2020-06-17T14:40:18 IST" duration-ms="4" status="PASS">
          <reporter-output>
          </reporter-output>
        </test-method> <!-- getTestname -->
        <test-method is-config="true" signature="browserLaunch()[pri:0, instance:estimatorTest.CustomerTest@1a38c59b]" started-at="2020-06-17T14:40:18 IST" name="browserLaunch" finished-at="2020-06-17T14:40:18 IST" duration-ms="45" status="PASS">
          <reporter-output>
          </reporter-output>
        </test-method> <!-- browserLaunch -->
        <test-method is-config="true" signature="getMethodname(java.lang.reflect.Method)[pri:0, instance:estimatorTest.CustomerTest@1a38c59b]" started-at="2020-06-17T14:40:18 IST" name="getMethodname" finished-at="2020-06-17T14:40:19 IST" duration-ms="1625" status="PASS">
          <params>
            <param index="0">
              <value>
                <![CDATA[public void estimatorTest.CustomerTest.updateRoletoEstimatorTest()]]>
              </value>
            </param>
          </params>
          <reporter-output>
          </reporter-output>
        </test-method> <!-- getMethodname -->
        <test-method signature="updateRoletoEstimatorTest()[pri:0, instance:estimatorTest.CustomerTest@1a38c59b]" started-at="2020-06-17T14:40:19 IST" name="updateRoletoEstimatorTest" finished-at="2020-06-17T14:40:19 IST" duration-ms="1" status="PASS">
          <reporter-output>
          </reporter-output>
        </test-method> <!-- updateRoletoEstimatorTest -->
        <test-method is-config="true" signature="getResult(org.testng.ITestResult)[pri:0, instance:estimatorTest.CustomerTest@1a38c59b]" started-at="2020-06-17T14:40:19 IST" name="getResult" finished-at="2020-06-17T14:40:20 IST" duration-ms="1108" status="PASS">
          <params>
            <param index="0">
              <value>
                <![CDATA[[TestResult name=updateRoletoEstimatorTest status=SUCCESS method=CustomerTest.updateRoletoEstimatorTest()[pri:0, instance:estimatorTest.CustomerTest@1a38c59b] output={null}]]]>
              </value>
            </param>
          </params>
          <reporter-output>
          </reporter-output>
        </test-method> <!-- getResult -->
        <test-method is-config="true" signature="teardownclass()[pri:0, instance:estimatorTest.CustomerTest@1a38c59b]" started-at="2020-06-17T14:40:20 IST" name="teardownclass" finished-at="2020-06-17T14:40:20 IST" duration-ms="5" status="PASS">
          <reporter-output>
          </reporter-output>
        </test-method> <!-- teardownclass -->
      </class> <!-- estimatorTest.CustomerTest -->
    </test> <!-- CustomerTest Test -->
    <test started-at="2020-06-17T14:40:21 IST" name="Quote Test" finished-at="2020-06-17T14:40:21 IST" duration-ms="860">
      <class name="estimatorTest.QuoteTest">
        <test-method is-config="true" signature="getTestname()[pri:0, instance:estimatorTest.QuoteTest@2145433b]" started-at="2020-06-17T14:40:21 IST" name="getTestname" finished-at="2020-06-17T14:40:21 IST" duration-ms="0" status="PASS">
          <reporter-output>
          </reporter-output>
        </test-method> <!-- getTestname -->
        <test-method is-config="true" signature="browserLaunch()[pri:0, instance:estimatorTest.QuoteTest@2145433b]" started-at="2020-06-17T14:40:21 IST" name="browserLaunch" finished-at="2020-06-17T14:40:21 IST" duration-ms="2" status="PASS">
          <reporter-output>
          </reporter-output>
        </test-method> <!-- browserLaunch -->
        <test-method is-config="true" signature="getMethodname(java.lang.reflect.Method)[pri:0, instance:estimatorTest.QuoteTest@2145433b]" started-at="2020-06-17T14:40:21 IST" name="getMethodname" finished-at="2020-06-17T14:40:21 IST" duration-ms="157" status="PASS">
          <params>
            <param index="0">
              <value>
                <![CDATA[public void estimatorTest.QuoteTest.updateRoletoEstimatorTest()]]>
              </value>
            </param>
          </params>
          <reporter-output>
          </reporter-output>
        </test-method> <!-- getMethodname -->
        <test-method signature="updateRoletoEstimatorTest()[pri:0, instance:estimatorTest.QuoteTest@2145433b]" started-at="2020-06-17T14:40:21 IST" name="updateRoletoEstimatorTest" finished-at="2020-06-17T14:40:21 IST" duration-ms="2" status="PASS">
          <reporter-output>
          </reporter-output>
        </test-method> <!-- updateRoletoEstimatorTest -->
        <test-method is-config="true" signature="getResult(org.testng.ITestResult)[pri:0, instance:estimatorTest.QuoteTest@2145433b]" started-at="2020-06-17T14:40:21 IST" name="getResult" finished-at="2020-06-17T14:40:21 IST" duration-ms="695" status="PASS">
          <params>
            <param index="0">
              <value>
                <![CDATA[[TestResult name=updateRoletoEstimatorTest status=SUCCESS method=QuoteTest.updateRoletoEstimatorTest()[pri:0, instance:estimatorTest.QuoteTest@2145433b] output={null}]]]>
              </value>
            </param>
          </params>
          <reporter-output>
          </reporter-output>
        </test-method> <!-- getResult -->
        <test-method is-config="true" signature="teardownclass()[pri:0, instance:estimatorTest.QuoteTest@2145433b]" started-at="2020-06-17T14:40:21 IST" name="teardownclass" finished-at="2020-06-17T14:40:21 IST" duration-ms="1" status="PASS">
          <reporter-output>
          </reporter-output>
        </test-method> <!-- teardownclass -->
      </class> <!-- estimatorTest.QuoteTest -->
    </test> <!-- Quote Test -->
    <test started-at="2020-06-17T14:40:21 IST" name="EngineermanagerTest Test" finished-at="2020-06-17T14:40:23 IST" duration-ms="1152">
      <class name="engineerManagerTest.EngineermanagerTest">
        <test-method is-config="true" signature="setUp()[pri:0, instance:engineerManagerTest.EngineermanagerTest@7d68ef40]" started-at="2020-06-17T14:40:17 IST" name="setUp" finished-at="2020-06-17T14:40:18 IST" duration-ms="526" status="PASS">
          <reporter-output>
          </reporter-output>
        </test-method> <!-- setUp -->
        <test-method is-config="true" signature="getTestname()[pri:0, instance:engineerManagerTest.EngineermanagerTest@7d68ef40]" started-at="2020-06-17T14:40:21 IST" name="getTestname" finished-at="2020-06-17T14:40:21 IST" duration-ms="1" status="PASS">
          <reporter-output>
          </reporter-output>
        </test-method> <!-- getTestname -->
        <test-method is-config="true" signature="browserLaunch()[pri:0, instance:engineerManagerTest.EngineermanagerTest@7d68ef40]" started-at="2020-06-17T14:40:21 IST" name="browserLaunch" finished-at="2020-06-17T14:40:21 IST" duration-ms="1" status="PASS">
          <reporter-output>
          </reporter-output>
        </test-method> <!-- browserLaunch -->
        <test-method is-config="true" signature="getMethodname(java.lang.reflect.Method)[pri:0, instance:engineerManagerTest.EngineermanagerTest@7d68ef40]" started-at="2020-06-17T14:40:21 IST" name="getMethodname" finished-at="2020-06-17T14:40:22 IST" duration-ms="213" status="PASS">
          <params>
            <param index="0">
              <value>
                <![CDATA[public void engineerManagerTest.EngineermanagerTest.updateRoletoEngineerManagerTest()]]>
              </value>
            </param>
          </params>
          <reporter-output>
          </reporter-output>
        </test-method> <!-- getMethodname -->
        <test-method signature="updateRoletoEngineerManagerTest()[pri:0, instance:engineerManagerTest.EngineermanagerTest@7d68ef40]" started-at="2020-06-17T14:40:22 IST" name="updateRoletoEngineerManagerTest" finished-at="2020-06-17T14:40:22 IST" duration-ms="1" status="PASS">
          <reporter-output>
          </reporter-output>
        </test-method> <!-- updateRoletoEngineerManagerTest -->
        <test-method is-config="true" signature="getResult(org.testng.ITestResult)[pri:0, instance:engineerManagerTest.EngineermanagerTest@7d68ef40]" started-at="2020-06-17T14:40:22 IST" name="getResult" finished-at="2020-06-17T14:40:23 IST" duration-ms="933" status="PASS">
          <params>
            <param index="0">
              <value>
                <![CDATA[[TestResult name=updateRoletoEngineerManagerTest status=SUCCESS method=EngineermanagerTest.updateRoletoEngineerManagerTest()[pri:0, instance:engineerManagerTest.EngineermanagerTest@7d68ef40] output={null}]]]>
              </value>
            </param>
          </params>
          <reporter-output>
          </reporter-output>
        </test-method> <!-- getResult -->
        <test-method is-config="true" signature="teardownclass()[pri:0, instance:engineerManagerTest.EngineermanagerTest@7d68ef40]" started-at="2020-06-17T14:40:23 IST" name="teardownclass" finished-at="2020-06-17T14:40:23 IST" duration-ms="1" status="PASS">
          <reporter-output>
          </reporter-output>
        </test-method> <!-- teardownclass -->
        <test-method is-config="true" signature="tearDownsuite()[pri:0, instance:engineerManagerTest.EngineermanagerTest@7d68ef40]" started-at="2020-06-17T14:40:23 IST" name="tearDownsuite" finished-at="2020-06-17T14:40:23 IST" duration-ms="683" status="PASS">
          <reporter-output>
          </reporter-output>
        </test-method> <!-- tearDownsuite -->
      </class> <!-- engineerManagerTest.EngineermanagerTest -->
    </test> <!-- EngineermanagerTest Test -->
  </suite> <!-- Framework Testing -->
</testng-results>
